GowinSynthesis start
Running parser ...
Analyzing Verilog file 'C:\GitHub\TangNano-9K-example\fft_on_tang_9k\fft_on_tang_nano_9k\src\fft\fft.v'
Compiling module 'FFT_Top'("C:\GitHub\TangNano-9K-example\fft_on_tang_9k\fft_on_tang_nano_9k\src\fft\fft.v":1432)
Compiling module '**'("C:\GitHub\TangNano-9K-example\fft_on_tang_9k\fft_on_tang_nano_9k\src\fft\fft.v":1431)
NOTE  (EX0101) : Current top module is "FFT_Top"
[5%] Running netlist conversion ...
Running device independent optimization ...
[10%] Optimizing Phase 0 completed
[15%] Optimizing Phase 1 completed
[25%] Optimizing Phase 2 completed
Running inference ...
[30%] Inferring Phase 0 completed
[40%] Inferring Phase 1 completed
[50%] Inferring Phase 2 completed
[55%] Inferring Phase 3 completed
Running technical mapping ...
[60%] Tech-Mapping Phase 0 completed
[65%] Tech-Mapping Phase 1 completed
[75%] Tech-Mapping Phase 2 completed
[80%] Tech-Mapping Phase 3 completed
[90%] Tech-Mapping Phase 4 completed
[95%] Generate netlist file "C:\GitHub\TangNano-9K-example\fft_on_tang_9k\fft_on_tang_nano_9k\impl\gwsynthesis\fft_on_tang_nano_9k.vg" completed
[100%] Generate report file "C:\GitHub\TangNano-9K-example\fft_on_tang_9k\fft_on_tang_nano_9k\impl\gwsynthesis\fft_on_tang_nano_9k_syn.rpt.html" completed
GowinSynthesis finish
