Reading netlist file: "C:\GitHub\TangNano-9K-example\fft_on_tang_9k\fft_on_tang_nano_9k\impl\gwsynthesis\fft_on_tang_nano_9k.vg"
Parsing netlist file "C:\GitHub\TangNano-9K-example\fft_on_tang_9k\fft_on_tang_nano_9k\impl\gwsynthesis\fft_on_tang_nano_9k.vg" completed
Processing netlist completed
Running placement......
[10%] Placement Phase 0 completed
[20%] Placement Phase 1 completed
[30%] Placement Phase 2 completed
[50%] Placement Phase 3 completed
Running routing......
[60%] Routing Phase 0 completed
[70%] Routing Phase 1 completed
[80%] Routing Phase 2 completed
[90%] Routing Phase 3 completed
Running timing analysis......
[95%] Timing analysis completed
Placement and routing completed
Bitstream generation in progress......
Bitstream generation completed
Running power analysis......
[100%] Power analysis completed
Generate file "C:\GitHub\TangNano-9K-example\fft_on_tang_9k\fft_on_tang_nano_9k\impl\pnr\fft_on_tang_nano_9k.power.html" completed
Generate file "C:\GitHub\TangNano-9K-example\fft_on_tang_9k\fft_on_tang_nano_9k\impl\pnr\fft_on_tang_nano_9k.pin.html" completed
Generate file "C:\GitHub\TangNano-9K-example\fft_on_tang_9k\fft_on_tang_nano_9k\impl\pnr\fft_on_tang_nano_9k.rpt.html" completed
Generate file "C:\GitHub\TangNano-9K-example\fft_on_tang_9k\fft_on_tang_nano_9k\impl\pnr\fft_on_tang_nano_9k.rpt.txt" completed
Generate file "C:\GitHub\TangNano-9K-example\fft_on_tang_9k\fft_on_tang_nano_9k\impl\pnr\fft_on_tang_nano_9k.tr.html" completed
Tue May 14 23:39:05 2024

